22:59:18.059 [main] INFO  c.s.springboot.SpringbootApplication - Starting SpringbootApplication on 192.168.0.108 with PID 1608 (/Users/sea/Desktop/Projects/springboot/target/classes started by sea in /Users/sea/Desktop/Projects/springboot)
22:59:18.062 [main] INFO  c.s.springboot.SpringbootApplication - The following profiles are active: dev
22:59:19.155 [main] WARN  o.m.s.mapper.ClassPathMapperScanner - No MyBatis mapper was found in '[com.sea.springboot.master.mapper]' package. Please check your configuration.
22:59:19.681 [main] INFO  o.s.b.w.e.tomcat.TomcatWebServer - Tomcat initialized with port(s): 8080 (http)
22:59:19.692 [main] INFO  o.a.coyote.http11.Http11NioProtocol - Initializing ProtocolHandler ["http-nio-8080"]
22:59:19.692 [main] INFO  o.a.catalina.core.StandardService - Starting service [Tomcat]
22:59:19.693 [main] INFO  o.a.catalina.core.StandardEngine - Starting Servlet engine: [Apache Tomcat/9.0.36]
22:59:19.776 [main] INFO  o.a.c.c.C.[Tomcat].[localhost].[/] - Initializing Spring embedded WebApplicationContext
22:59:19.776 [main] INFO  o.s.b.w.s.c.ServletWebServerApplicationContext - Root WebApplicationContext: initialization completed in 1655 ms
22:59:19.842 [main] WARN  o.s.b.w.s.c.AnnotationConfigServletWebServerApplicationContext - Exception encountered during context initialization - cancelling refresh attempt: org.springframework.beans.factory.UnsatisfiedDependencyException: Error creating bean with name 'homeController' defined in file [/Users/sea/Desktop/Projects/springboot/target/classes/com/sea/springboot/controller/HomeController.class]: Unsatisfied dependency expressed through constructor parameter 0; nested exception is org.springframework.beans.factory.UnsatisfiedDependencyException: Error creating bean with name 'homeService' defined in file [/Users/sea/Desktop/Projects/springboot/target/classes/com/sea/springboot/service/HomeService.class]: Unsatisfied dependency expressed through constructor parameter 0; nested exception is org.springframework.beans.factory.NoSuchBeanDefinitionException: No qualifying bean of type 'com.sea.springboot.mapper.HomeMapper' available: expected at least 1 bean which qualifies as autowire candidate. Dependency annotations: {}
22:59:19.845 [main] INFO  o.a.catalina.core.StandardService - Stopping service [Tomcat]
22:59:19.868 [main] INFO  o.s.b.a.l.ConditionEvaluationReportLoggingListener - 

Error starting ApplicationContext. To display the conditions report re-run your application with 'debug' enabled.
22:59:19.992 [main] ERROR o.s.b.d.LoggingFailureAnalysisReporter - 

***************************
APPLICATION FAILED TO START
***************************

Description:

Parameter 0 of constructor in com.sea.springboot.service.HomeService required a bean of type 'com.sea.springboot.mapper.HomeMapper' that could not be found.


Action:

Consider defining a bean of type 'com.sea.springboot.mapper.HomeMapper' in your configuration.

23:00:00.023 [main] INFO  c.s.springboot.SpringbootApplication - Starting SpringbootApplication on 192.168.0.108 with PID 1624 (/Users/sea/Desktop/Projects/springboot/target/classes started by sea in /Users/sea/Desktop/Projects/springboot)
23:00:00.027 [main] INFO  c.s.springboot.SpringbootApplication - The following profiles are active: dev
23:00:01.055 [main] WARN  o.m.s.mapper.ClassPathMapperScanner - No MyBatis mapper was found in '[com.sea.springboot.master.mapper]' package. Please check your configuration.
23:00:01.549 [main] INFO  o.s.b.w.e.tomcat.TomcatWebServer - Tomcat initialized with port(s): 8080 (http)
23:00:01.558 [main] INFO  o.a.coyote.http11.Http11NioProtocol - Initializing ProtocolHandler ["http-nio-8080"]
23:00:01.559 [main] INFO  o.a.catalina.core.StandardService - Starting service [Tomcat]
23:00:01.559 [main] INFO  o.a.catalina.core.StandardEngine - Starting Servlet engine: [Apache Tomcat/9.0.36]
23:00:01.625 [main] INFO  o.a.c.c.C.[Tomcat].[localhost].[/] - Initializing Spring embedded WebApplicationContext
23:00:01.626 [main] INFO  o.s.b.w.s.c.ServletWebServerApplicationContext - Root WebApplicationContext: initialization completed in 1547 ms
23:00:01.676 [main] WARN  o.s.b.w.s.c.AnnotationConfigServletWebServerApplicationContext - Exception encountered during context initialization - cancelling refresh attempt: org.springframework.beans.factory.UnsatisfiedDependencyException: Error creating bean with name 'homeController' defined in file [/Users/sea/Desktop/Projects/springboot/target/classes/com/sea/springboot/controller/HomeController.class]: Unsatisfied dependency expressed through constructor parameter 0; nested exception is org.springframework.beans.factory.UnsatisfiedDependencyException: Error creating bean with name 'homeService' defined in file [/Users/sea/Desktop/Projects/springboot/target/classes/com/sea/springboot/service/HomeService.class]: Unsatisfied dependency expressed through constructor parameter 0; nested exception is org.springframework.beans.factory.NoSuchBeanDefinitionException: No qualifying bean of type 'com.sea.springboot.mapper.HomeMapper' available: expected at least 1 bean which qualifies as autowire candidate. Dependency annotations: {}
23:00:01.678 [main] INFO  o.a.catalina.core.StandardService - Stopping service [Tomcat]
23:00:01.694 [main] INFO  o.s.b.a.l.ConditionEvaluationReportLoggingListener - 

Error starting ApplicationContext. To display the conditions report re-run your application with 'debug' enabled.
23:00:01.796 [main] ERROR o.s.b.d.LoggingFailureAnalysisReporter - 

***************************
APPLICATION FAILED TO START
***************************

Description:

Parameter 0 of constructor in com.sea.springboot.service.HomeService required a bean of type 'com.sea.springboot.mapper.HomeMapper' that could not be found.


Action:

Consider defining a bean of type 'com.sea.springboot.mapper.HomeMapper' in your configuration.

23:01:35.348 [main] INFO  c.s.springboot.SpringbootApplication - Starting SpringbootApplication on 192.168.0.108 with PID 1681 (/Users/sea/Desktop/Projects/springboot/target/classes started by sea in /Users/sea/Desktop/Projects/springboot)
23:01:35.352 [main] INFO  c.s.springboot.SpringbootApplication - The following profiles are active: dev
23:01:36.943 [main] INFO  o.s.b.w.e.tomcat.TomcatWebServer - Tomcat initialized with port(s): 8080 (http)
23:01:36.952 [main] INFO  o.a.coyote.http11.Http11NioProtocol - Initializing ProtocolHandler ["http-nio-8080"]
23:01:36.953 [main] INFO  o.a.catalina.core.StandardService - Starting service [Tomcat]
23:01:36.953 [main] INFO  o.a.catalina.core.StandardEngine - Starting Servlet engine: [Apache Tomcat/9.0.36]
23:01:37.027 [main] INFO  o.a.c.c.C.[Tomcat].[localhost].[/] - Initializing Spring embedded WebApplicationContext
23:01:37.028 [main] INFO  o.s.b.w.s.c.ServletWebServerApplicationContext - Root WebApplicationContext: initialization completed in 1626 ms
23:01:37.836 [main] INFO  o.s.s.c.ThreadPoolTaskExecutor - Initializing ExecutorService 'applicationTaskExecutor'
23:01:38.071 [main] INFO  o.a.coyote.http11.Http11NioProtocol - Starting ProtocolHandler ["http-nio-8080"]
23:01:38.104 [main] INFO  o.s.b.w.e.tomcat.TomcatWebServer - Tomcat started on port(s): 8080 (http) with context path ''
23:01:38.265 [main] INFO  o.s.a.r.c.CachingConnectionFactory - Attempting to connect to: 192.168.83.129:5672
23:01:50.012 [http-nio-8080-exec-1] INFO  o.a.c.c.C.[Tomcat].[localhost].[/] - Initializing Spring DispatcherServlet 'dispatcherServlet'
23:01:50.012 [http-nio-8080-exec-1] INFO  o.s.web.servlet.DispatcherServlet - Initializing Servlet 'dispatcherServlet'
23:01:50.020 [http-nio-8080-exec-1] INFO  o.s.web.servlet.DispatcherServlet - Completed initialization in 8 ms
23:02:38.273 [main] INFO  o.s.a.r.l.SimpleMessageListenerContainer - Broker not available; cannot force queue declarations during start: java.net.SocketTimeoutException: connect timed out
23:02:38.285 [messageListenerContainer-1] INFO  o.s.a.r.c.CachingConnectionFactory - Attempting to connect to: 192.168.83.129:5672
23:03:38.283 [main] ERROR o.s.a.r.l.SimpleMessageListenerContainer - Consumer failed to start in 60000 milliseconds; does the task executor have enough threads to support the container concurrency?
23:03:38.298 [main] INFO  c.s.springboot.SpringbootApplication - Started SpringbootApplication in 123.495 seconds (JVM running for 124.183)
23:03:43.371 [messageListenerContainer-1] INFO  o.s.a.r.l.SimpleMessageListenerContainer - Restarting Consumer@8b670c0: tags=[[]], channel=null, acknowledgeMode=AUTO local queue size=0
23:03:43.373 [messageListenerContainer-2] INFO  o.s.a.r.c.CachingConnectionFactory - Attempting to connect to: 192.168.83.129:5672
23:04:48.449 [messageListenerContainer-2] INFO  o.s.a.r.l.SimpleMessageListenerContainer - Restarting Consumer@6332d83f: tags=[[]], channel=null, acknowledgeMode=AUTO local queue size=0
23:04:48.450 [messageListenerContainer-3] INFO  o.s.a.r.c.CachingConnectionFactory - Attempting to connect to: 192.168.83.129:5672
23:05:53.531 [messageListenerContainer-3] INFO  o.s.a.r.l.SimpleMessageListenerContainer - Restarting Consumer@323abf9f: tags=[[]], channel=null, acknowledgeMode=AUTO local queue size=0
23:05:53.532 [messageListenerContainer-4] INFO  o.s.a.r.c.CachingConnectionFactory - Attempting to connect to: 192.168.83.129:5672
23:06:58.604 [messageListenerContainer-4] INFO  o.s.a.r.l.SimpleMessageListenerContainer - Restarting Consumer@5e048fa3: tags=[[]], channel=null, acknowledgeMode=AUTO local queue size=0
23:06:58.604 [messageListenerContainer-5] INFO  o.s.a.r.c.CachingConnectionFactory - Attempting to connect to: 192.168.83.129:5672
23:08:03.681 [messageListenerContainer-5] INFO  o.s.a.r.l.SimpleMessageListenerContainer - Restarting Consumer@5db63ce4: tags=[[]], channel=null, acknowledgeMode=AUTO local queue size=0
23:08:03.681 [messageListenerContainer-6] INFO  o.s.a.r.c.CachingConnectionFactory - Attempting to connect to: 192.168.83.129:5672
23:09:08.748 [messageListenerContainer-6] INFO  o.s.a.r.l.SimpleMessageListenerContainer - Restarting Consumer@49d1b97c: tags=[[]], channel=null, acknowledgeMode=AUTO local queue size=0
23:09:08.748 [messageListenerContainer-7] INFO  o.s.a.r.c.CachingConnectionFactory - Attempting to connect to: 192.168.83.129:5672
23:09:41.817 [SpringContextShutdownHook] INFO  o.s.a.r.l.SimpleMessageListenerContainer - Waiting for workers to finish.
23:09:41.818 [SpringContextShutdownHook] INFO  o.s.a.r.l.SimpleMessageListenerContainer - Successfully waited for workers to finish.
23:09:41.838 [SpringContextShutdownHook] INFO  o.s.s.c.ThreadPoolTaskExecutor - Shutting down ExecutorService 'applicationTaskExecutor'
23:09:41.839 [SpringContextShutdownHook] INFO  o.s.a.r.l.SimpleMessageListenerContainer - Shutdown ignored - container is not active already
23:09:45.254 [main] INFO  c.s.springboot.SpringbootApplication - Starting SpringbootApplication on 192.168.0.108 with PID 1748 (/Users/sea/Desktop/Projects/springboot/target/classes started by sea in /Users/sea/Desktop/Projects/springboot)
23:09:45.257 [main] INFO  c.s.springboot.SpringbootApplication - The following profiles are active: dev
23:09:46.917 [main] INFO  o.s.b.w.e.tomcat.TomcatWebServer - Tomcat initialized with port(s): 8080 (http)
23:09:46.926 [main] INFO  o.a.coyote.http11.Http11NioProtocol - Initializing ProtocolHandler ["http-nio-8080"]
23:09:46.927 [main] INFO  o.a.catalina.core.StandardService - Starting service [Tomcat]
23:09:46.927 [main] INFO  o.a.catalina.core.StandardEngine - Starting Servlet engine: [Apache Tomcat/9.0.36]
23:09:47.000 [main] INFO  o.a.c.c.C.[Tomcat].[localhost].[/] - Initializing Spring embedded WebApplicationContext
23:09:47.000 [main] INFO  o.s.b.w.s.c.ServletWebServerApplicationContext - Root WebApplicationContext: initialization completed in 1692 ms
23:09:47.783 [main] INFO  o.s.s.c.ThreadPoolTaskExecutor - Initializing ExecutorService 'applicationTaskExecutor'
23:09:48.010 [main] INFO  o.a.coyote.http11.Http11NioProtocol - Starting ProtocolHandler ["http-nio-8080"]
23:09:48.043 [main] INFO  o.s.b.w.e.tomcat.TomcatWebServer - Tomcat started on port(s): 8080 (http) with context path ''
23:09:48.193 [main] INFO  o.s.a.r.c.CachingConnectionFactory - Attempting to connect to: 192.168.83.129:5672
23:10:04.280 [http-nio-8080-exec-1] INFO  o.a.c.c.C.[Tomcat].[localhost].[/] - Initializing Spring DispatcherServlet 'dispatcherServlet'
23:10:04.281 [http-nio-8080-exec-1] INFO  o.s.web.servlet.DispatcherServlet - Initializing Servlet 'dispatcherServlet'
23:10:04.288 [http-nio-8080-exec-1] INFO  o.s.web.servlet.DispatcherServlet - Completed initialization in 7 ms
23:10:17.753 [main] INFO  c.s.springboot.SpringbootApplication - Starting SpringbootApplication on 192.168.0.108 with PID 1759 (/Users/sea/Desktop/Projects/springboot/target/classes started by sea in /Users/sea/Desktop/Projects/springboot)
23:10:17.756 [main] INFO  c.s.springboot.SpringbootApplication - The following profiles are active: dev
23:10:19.191 [main] INFO  o.s.b.w.e.tomcat.TomcatWebServer - Tomcat initialized with port(s): 8080 (http)
23:10:19.199 [main] INFO  o.a.coyote.http11.Http11NioProtocol - Initializing ProtocolHandler ["http-nio-8080"]
23:10:19.199 [main] INFO  o.a.catalina.core.StandardService - Starting service [Tomcat]
23:10:19.200 [main] INFO  o.a.catalina.core.StandardEngine - Starting Servlet engine: [Apache Tomcat/9.0.36]
23:10:19.265 [main] INFO  o.a.c.c.C.[Tomcat].[localhost].[/] - Initializing Spring embedded WebApplicationContext
23:10:19.265 [main] INFO  o.s.b.w.s.c.ServletWebServerApplicationContext - Root WebApplicationContext: initialization completed in 1448 ms
23:10:19.980 [main] INFO  o.s.s.c.ThreadPoolTaskExecutor - Initializing ExecutorService 'applicationTaskExecutor'
23:10:20.198 [main] INFO  o.a.coyote.http11.Http11NioProtocol - Starting ProtocolHandler ["http-nio-8080"]
23:10:20.229 [main] INFO  o.s.b.w.e.tomcat.TomcatWebServer - Tomcat started on port(s): 8080 (http) with context path ''
23:10:20.371 [main] INFO  o.s.a.r.c.CachingConnectionFactory - Attempting to connect to: 192.168.83.129:5672
23:10:25.528 [http-nio-8080-exec-1] INFO  o.a.c.c.C.[Tomcat].[localhost].[/] - Initializing Spring DispatcherServlet 'dispatcherServlet'
23:10:25.528 [http-nio-8080-exec-1] INFO  o.s.web.servlet.DispatcherServlet - Initializing Servlet 'dispatcherServlet'
23:10:25.534 [http-nio-8080-exec-1] INFO  o.s.web.servlet.DispatcherServlet - Completed initialization in 5 ms
23:11:20.381 [main] INFO  o.s.a.r.l.SimpleMessageListenerContainer - Broker not available; cannot force queue declarations during start: java.net.SocketTimeoutException: connect timed out
23:11:20.388 [messageListenerContainer-1] INFO  o.s.a.r.c.CachingConnectionFactory - Attempting to connect to: 192.168.83.129:5672
23:12:22.129 [main] INFO  c.s.springboot.SpringbootApplication - Starting SpringbootApplication on 192.168.0.108 with PID 1776 (/Users/sea/Desktop/Projects/springboot/target/classes started by sea in /Users/sea/Desktop/Projects/springboot)
23:12:22.132 [main] INFO  c.s.springboot.SpringbootApplication - The following profiles are active: dev
23:12:23.683 [main] INFO  o.s.b.w.e.tomcat.TomcatWebServer - Tomcat initialized with port(s): 8080 (http)
23:12:23.692 [main] INFO  o.a.coyote.http11.Http11NioProtocol - Initializing ProtocolHandler ["http-nio-8080"]
23:12:23.692 [main] INFO  o.a.catalina.core.StandardService - Starting service [Tomcat]
23:12:23.693 [main] INFO  o.a.catalina.core.StandardEngine - Starting Servlet engine: [Apache Tomcat/9.0.36]
23:12:23.766 [main] INFO  o.a.c.c.C.[Tomcat].[localhost].[/] - Initializing Spring embedded WebApplicationContext
23:12:23.766 [main] INFO  o.s.b.w.s.c.ServletWebServerApplicationContext - Root WebApplicationContext: initialization completed in 1566 ms
23:12:24.506 [main] INFO  o.s.s.c.ThreadPoolTaskExecutor - Initializing ExecutorService 'applicationTaskExecutor'
23:12:24.732 [main] INFO  o.a.coyote.http11.Http11NioProtocol - Starting ProtocolHandler ["http-nio-8080"]
23:12:24.764 [main] INFO  o.s.b.w.e.tomcat.TomcatWebServer - Tomcat started on port(s): 8080 (http) with context path ''
23:12:24.922 [main] INFO  o.s.a.r.c.CachingConnectionFactory - Attempting to connect to: 192.168.83.129:5672
23:13:14.726 [http-nio-8080-exec-1] INFO  o.a.c.c.C.[Tomcat].[localhost].[/] - Initializing Spring DispatcherServlet 'dispatcherServlet'
23:13:14.726 [http-nio-8080-exec-1] INFO  o.s.web.servlet.DispatcherServlet - Initializing Servlet 'dispatcherServlet'
23:13:14.732 [http-nio-8080-exec-1] INFO  o.s.web.servlet.DispatcherServlet - Completed initialization in 6 ms
23:13:24.047 [main] INFO  c.s.springboot.SpringbootApplication - Starting SpringbootApplication on 192.168.0.108 with PID 1789 (/Users/sea/Desktop/Projects/springboot/target/classes started by sea in /Users/sea/Desktop/Projects/springboot)
23:13:24.050 [main] INFO  c.s.springboot.SpringbootApplication - The following profiles are active: dev
23:13:25.544 [main] INFO  o.s.b.w.e.tomcat.TomcatWebServer - Tomcat initialized with port(s): 8080 (http)
23:13:25.553 [main] INFO  o.a.coyote.http11.Http11NioProtocol - Initializing ProtocolHandler ["http-nio-8080"]
23:13:25.554 [main] INFO  o.a.catalina.core.StandardService - Starting service [Tomcat]
23:13:25.554 [main] INFO  o.a.catalina.core.StandardEngine - Starting Servlet engine: [Apache Tomcat/9.0.36]
23:13:25.619 [main] INFO  o.a.c.c.C.[Tomcat].[localhost].[/] - Initializing Spring embedded WebApplicationContext
23:13:25.620 [main] INFO  o.s.b.w.s.c.ServletWebServerApplicationContext - Root WebApplicationContext: initialization completed in 1486 ms
23:13:26.344 [main] INFO  o.s.s.c.ThreadPoolTaskExecutor - Initializing ExecutorService 'applicationTaskExecutor'
23:13:26.569 [main] INFO  o.a.coyote.http11.Http11NioProtocol - Starting ProtocolHandler ["http-nio-8080"]
23:13:26.601 [main] INFO  o.s.b.w.e.tomcat.TomcatWebServer - Tomcat started on port(s): 8080 (http) with context path ''
23:13:26.750 [main] INFO  o.s.a.r.c.CachingConnectionFactory - Attempting to connect to: 192.168.83.129:5672
23:13:31.923 [http-nio-8080-exec-1] INFO  o.a.c.c.C.[Tomcat].[localhost].[/] - Initializing Spring DispatcherServlet 'dispatcherServlet'
23:13:31.923 [http-nio-8080-exec-1] INFO  o.s.web.servlet.DispatcherServlet - Initializing Servlet 'dispatcherServlet'
23:13:31.930 [http-nio-8080-exec-1] INFO  o.s.web.servlet.DispatcherServlet - Completed initialization in 7 ms
23:14:26.761 [main] INFO  o.s.a.r.l.SimpleMessageListenerContainer - Broker not available; cannot force queue declarations during start: java.net.SocketTimeoutException: connect timed out
23:14:26.767 [messageListenerContainer-1] INFO  o.s.a.r.c.CachingConnectionFactory - Attempting to connect to: 192.168.83.129:5672
23:15:26.765 [main] ERROR o.s.a.r.l.SimpleMessageListenerContainer - Consumer failed to start in 60000 milliseconds; does the task executor have enough threads to support the container concurrency?
23:15:26.776 [main] INFO  c.s.springboot.SpringbootApplication - Started SpringbootApplication in 123.331 seconds (JVM running for 124.043)
23:15:28.336 [http-nio-8080-exec-5] INFO  com.zaxxer.hikari.HikariDataSource - HikariPool-1 - Starting...
23:15:28.745 [http-nio-8080-exec-5] INFO  com.zaxxer.hikari.HikariDataSource - HikariPool-1 - Start completed.
23:15:31.841 [messageListenerContainer-1] INFO  o.s.a.r.l.SimpleMessageListenerContainer - Restarting Consumer@10dfa7ef: tags=[[]], channel=null, acknowledgeMode=AUTO local queue size=0
23:15:31.843 [messageListenerContainer-2] INFO  o.s.a.r.c.CachingConnectionFactory - Attempting to connect to: 192.168.83.129:5672
23:15:41.087 [SpringContextShutdownHook] INFO  o.s.a.r.l.SimpleMessageListenerContainer - Waiting for workers to finish.
23:15:41.088 [SpringContextShutdownHook] INFO  o.s.a.r.l.SimpleMessageListenerContainer - Successfully waited for workers to finish.
23:15:41.105 [SpringContextShutdownHook] INFO  o.s.s.c.ThreadPoolTaskExecutor - Shutting down ExecutorService 'applicationTaskExecutor'
23:15:41.105 [SpringContextShutdownHook] INFO  o.s.a.r.l.SimpleMessageListenerContainer - Shutdown ignored - container is not active already
23:16:18.576 [main] INFO  c.s.springboot.SpringbootApplication - Starting SpringbootApplication on 192.168.0.108 with PID 1828 (/Users/sea/Desktop/Projects/springboot/target/classes started by sea in /Users/sea/Desktop/Projects/springboot)
23:16:18.580 [main] INFO  c.s.springboot.SpringbootApplication - The following profiles are active: dev
23:16:20.142 [main] INFO  o.s.b.w.e.tomcat.TomcatWebServer - Tomcat initialized with port(s): 8080 (http)
23:16:20.151 [main] INFO  o.a.coyote.http11.Http11NioProtocol - Initializing ProtocolHandler ["http-nio-8080"]
23:16:20.152 [main] INFO  o.a.catalina.core.StandardService - Starting service [Tomcat]
23:16:20.152 [main] INFO  o.a.catalina.core.StandardEngine - Starting Servlet engine: [Apache Tomcat/9.0.36]
23:16:20.223 [main] INFO  o.a.c.c.C.[Tomcat].[localhost].[/] - Initializing Spring embedded WebApplicationContext
23:16:20.223 [main] INFO  o.s.b.w.s.c.ServletWebServerApplicationContext - Root WebApplicationContext: initialization completed in 1587 ms
23:16:20.993 [main] INFO  o.s.s.c.ThreadPoolTaskExecutor - Initializing ExecutorService 'applicationTaskExecutor'
23:16:21.228 [main] INFO  o.a.coyote.http11.Http11NioProtocol - Starting ProtocolHandler ["http-nio-8080"]
23:16:21.259 [main] INFO  o.s.b.w.e.tomcat.TomcatWebServer - Tomcat started on port(s): 8080 (http) with context path ''
23:16:21.425 [main] INFO  o.s.a.r.c.CachingConnectionFactory - Attempting to connect to: 192.168.83.129:5672
23:16:31.690 [http-nio-8080-exec-1] INFO  o.a.c.c.C.[Tomcat].[localhost].[/] - Initializing Spring DispatcherServlet 'dispatcherServlet'
23:16:31.690 [http-nio-8080-exec-1] INFO  o.s.web.servlet.DispatcherServlet - Initializing Servlet 'dispatcherServlet'
23:16:31.696 [http-nio-8080-exec-1] INFO  o.s.web.servlet.DispatcherServlet - Completed initialization in 6 ms
23:16:31.721 [http-nio-8080-exec-1] ERROR c.s.s.advice.GlobalExceptionHandler - Invalid bound statement (not found): com.sea.springboot.mapper.HomeMapper.getUsers
23:17:07.999 [main] INFO  c.s.springboot.SpringbootApplication - Starting SpringbootApplication on 192.168.0.108 with PID 1843 (/Users/sea/Desktop/Projects/springboot/target/classes started by sea in /Users/sea/Desktop/Projects/springboot)
23:17:08.001 [main] INFO  c.s.springboot.SpringbootApplication - The following profiles are active: dev
23:17:09.787 [main] INFO  o.s.b.w.e.tomcat.TomcatWebServer - Tomcat initialized with port(s): 8080 (http)
23:17:09.795 [main] INFO  o.a.coyote.http11.Http11NioProtocol - Initializing ProtocolHandler ["http-nio-8080"]
23:17:09.796 [main] INFO  o.a.catalina.core.StandardService - Starting service [Tomcat]
23:17:09.796 [main] INFO  o.a.catalina.core.StandardEngine - Starting Servlet engine: [Apache Tomcat/9.0.36]
23:17:09.864 [main] INFO  o.a.c.c.C.[Tomcat].[localhost].[/] - Initializing Spring embedded WebApplicationContext
23:17:09.864 [main] INFO  o.s.b.w.s.c.ServletWebServerApplicationContext - Root WebApplicationContext: initialization completed in 1769 ms
23:17:10.598 [main] INFO  o.s.s.c.ThreadPoolTaskExecutor - Initializing ExecutorService 'applicationTaskExecutor'
23:17:10.817 [main] INFO  o.a.coyote.http11.Http11NioProtocol - Starting ProtocolHandler ["http-nio-8080"]
23:17:10.848 [main] INFO  o.s.b.w.e.tomcat.TomcatWebServer - Tomcat started on port(s): 8080 (http) with context path ''
23:17:11.012 [main] INFO  o.s.a.r.c.CachingConnectionFactory - Attempting to connect to: 192.168.83.129:5672
23:18:11.022 [main] INFO  o.s.a.r.l.SimpleMessageListenerContainer - Broker not available; cannot force queue declarations during start: java.net.SocketTimeoutException: connect timed out
23:18:11.033 [messageListenerContainer-1] INFO  o.s.a.r.c.CachingConnectionFactory - Attempting to connect to: 192.168.83.129:5672
23:18:17.225 [http-nio-8080-exec-1] INFO  o.a.c.c.C.[Tomcat].[localhost].[/] - Initializing Spring DispatcherServlet 'dispatcherServlet'
23:18:17.225 [http-nio-8080-exec-1] INFO  o.s.web.servlet.DispatcherServlet - Initializing Servlet 'dispatcherServlet'
23:18:17.232 [http-nio-8080-exec-1] INFO  o.s.web.servlet.DispatcherServlet - Completed initialization in 6 ms
23:18:24.966 [http-nio-8080-exec-7] INFO  com.zaxxer.hikari.HikariDataSource - HikariPool-1 - Starting...
23:18:25.321 [http-nio-8080-exec-7] INFO  com.zaxxer.hikari.HikariDataSource - HikariPool-1 - Start completed.
23:18:49.531 [main] INFO  c.s.springboot.SpringbootApplication - Starting SpringbootApplication on 192.168.0.108 with PID 1868 (/Users/sea/Desktop/Projects/springboot/target/classes started by sea in /Users/sea/Desktop/Projects/springboot)
23:18:49.534 [main] INFO  c.s.springboot.SpringbootApplication - The following profiles are active: prod
23:18:51.042 [main] INFO  o.s.b.w.e.tomcat.TomcatWebServer - Tomcat initialized with port(s): 8080 (http)
23:18:51.051 [main] INFO  o.a.coyote.http11.Http11NioProtocol - Initializing ProtocolHandler ["http-nio-8080"]
23:18:51.052 [main] INFO  o.a.catalina.core.StandardService - Starting service [Tomcat]
23:18:51.052 [main] INFO  o.a.catalina.core.StandardEngine - Starting Servlet engine: [Apache Tomcat/9.0.36]
23:18:51.118 [main] INFO  o.a.c.c.C.[Tomcat].[localhost].[/] - Initializing Spring embedded WebApplicationContext
23:18:51.118 [main] INFO  o.s.b.w.s.c.ServletWebServerApplicationContext - Root WebApplicationContext: initialization completed in 1533 ms
23:18:51.852 [main] INFO  o.s.s.c.ThreadPoolTaskExecutor - Initializing ExecutorService 'applicationTaskExecutor'
23:18:52.087 [main] INFO  o.a.coyote.http11.Http11NioProtocol - Starting ProtocolHandler ["http-nio-8080"]
23:18:52.119 [main] INFO  o.s.b.w.e.tomcat.TomcatWebServer - Tomcat started on port(s): 8080 (http) with context path ''
23:18:52.270 [main] INFO  o.s.a.r.c.CachingConnectionFactory - Attempting to connect to: 192.168.83.129:5672
23:19:03.042 [http-nio-8080-exec-1] INFO  o.a.c.c.C.[Tomcat].[localhost].[/] - Initializing Spring DispatcherServlet 'dispatcherServlet'
23:19:03.042 [http-nio-8080-exec-1] INFO  o.s.web.servlet.DispatcherServlet - Initializing Servlet 'dispatcherServlet'
23:19:03.048 [http-nio-8080-exec-1] INFO  o.s.web.servlet.DispatcherServlet - Completed initialization in 6 ms
