00:00:04.232 [main] INFO  c.s.springboot.SpringbootApplication - Starting SpringbootApplication on 192.168.0.102 with PID 1839 (/Users/sea/Desktop/Projects/springboot/target/classes started by sea in /Users/sea/Desktop/Projects/springboot)
00:00:04.235 [main] INFO  c.s.springboot.SpringbootApplication - The following profiles are active: dev
00:00:05.514 [main] INFO  o.s.b.w.e.tomcat.TomcatWebServer - Tomcat initialized with port(s): 8080 (http)
00:00:05.523 [main] INFO  o.a.coyote.http11.Http11NioProtocol - Initializing ProtocolHandler ["http-nio-8080"]
00:00:05.524 [main] INFO  o.a.catalina.core.StandardService - Starting service [Tomcat]
00:00:05.524 [main] INFO  o.a.catalina.core.StandardEngine - Starting Servlet engine: [Apache Tomcat/9.0.36]
00:00:05.591 [main] INFO  o.a.c.c.C.[Tomcat].[localhost].[/] - Initializing Spring embedded WebApplicationContext
00:00:05.591 [main] INFO  o.s.b.w.s.c.ServletWebServerApplicationContext - Root WebApplicationContext: initialization completed in 1309 ms
00:00:05.959 [main] INFO  o.s.s.c.ThreadPoolTaskExecutor - Initializing ExecutorService 'applicationTaskExecutor'
00:00:06.071 [main] INFO  o.a.coyote.http11.Http11NioProtocol - Starting ProtocolHandler ["http-nio-8080"]
00:00:06.103 [main] INFO  o.s.b.w.e.tomcat.TomcatWebServer - Tomcat started on port(s): 8080 (http) with context path ''
00:00:06.231 [main] INFO  c.s.springboot.SpringbootApplication - Started SpringbootApplication in 2.518 seconds (JVM running for 3.272)
00:00:11.531 [http-nio-8080-exec-1] INFO  o.a.c.c.C.[Tomcat].[localhost].[/] - Initializing Spring DispatcherServlet 'dispatcherServlet'
00:00:11.531 [http-nio-8080-exec-1] INFO  o.s.web.servlet.DispatcherServlet - Initializing Servlet 'dispatcherServlet'
00:00:11.535 [http-nio-8080-exec-1] INFO  o.s.web.servlet.DispatcherServlet - Completed initialization in 4 ms
00:04:54.654 [SpringContextShutdownHook] INFO  o.s.s.c.ThreadPoolTaskExecutor - Shutting down ExecutorService 'applicationTaskExecutor'
00:05:06.546 [main] INFO  c.s.springboot.SpringbootApplication - Starting SpringbootApplication on 192.168.0.102 with PID 1879 (/Users/sea/Desktop/Projects/springboot/target/classes started by sea in /Users/sea/Desktop/Projects/springboot)
00:05:06.548 [main] INFO  c.s.springboot.SpringbootApplication - The following profiles are active: prod
00:05:07.740 [main] INFO  o.s.b.w.e.tomcat.TomcatWebServer - Tomcat initialized with port(s): 8080 (http)
00:05:07.752 [main] INFO  o.a.coyote.http11.Http11NioProtocol - Initializing ProtocolHandler ["http-nio-8080"]
00:05:07.753 [main] INFO  o.a.catalina.core.StandardService - Starting service [Tomcat]
00:05:07.753 [main] INFO  o.a.catalina.core.StandardEngine - Starting Servlet engine: [Apache Tomcat/9.0.36]
00:05:07.826 [main] INFO  o.a.c.c.C.[Tomcat].[localhost].[/] - Initializing Spring embedded WebApplicationContext
00:05:07.827 [main] INFO  o.s.b.w.s.c.ServletWebServerApplicationContext - Root WebApplicationContext: initialization completed in 1243 ms
00:05:08.210 [main] INFO  o.s.s.c.ThreadPoolTaskExecutor - Initializing ExecutorService 'applicationTaskExecutor'
00:05:08.329 [main] INFO  o.a.coyote.http11.Http11NioProtocol - Starting ProtocolHandler ["http-nio-8080"]
00:05:08.360 [main] INFO  o.s.b.w.e.tomcat.TomcatWebServer - Tomcat started on port(s): 8080 (http) with context path ''
00:05:08.471 [main] INFO  c.s.springboot.SpringbootApplication - Started SpringbootApplication in 2.409 seconds (JVM running for 3.059)
00:05:14.132 [http-nio-8080-exec-1] INFO  o.a.c.c.C.[Tomcat].[localhost].[/] - Initializing Spring DispatcherServlet 'dispatcherServlet'
00:05:14.132 [http-nio-8080-exec-1] INFO  o.s.web.servlet.DispatcherServlet - Initializing Servlet 'dispatcherServlet'
00:05:14.137 [http-nio-8080-exec-1] INFO  o.s.web.servlet.DispatcherServlet - Completed initialization in 5 ms
00:05:26.202 [SpringContextShutdownHook] INFO  o.s.s.c.ThreadPoolTaskExecutor - Shutting down ExecutorService 'applicationTaskExecutor'
